[0129/201644:ERROR:renderer_main.cc(226)] Running without renderer sandbox
[0129/201645:ERROR:renderer_main.cc(226)] Running without renderer sandbox
[0129/201645:ERROR:renderer_main.cc(226)] Running without renderer sandbox
[0129/201649:INFO:CONSOLE(0)] "event.returnValue is deprecated. Please use the standard event.preventDefault() instead.", source:  (0)
[0129/201649:INFO:CONSOLE(0)] "event.returnValue is deprecated. Please use the standard event.preventDefault() instead.", source:  (0)
[0129/201653:ERROR:renderer_main.cc(226)] Running without renderer sandbox
[0129/201739:INFO:CONSOLE(1)] "TypeError: Cannot call method 'toString' of undefined
    at eval (eval at <anonymous> (unknown source), <anonymous>:1:75)
    at <anonymous>:0:57", source:  (1)
[0129/201739:INFO:CONSOLE(0)] "SyntaxError: Unexpected token ;
    at <anonymous>:0:57", source:  (0)
[0129/203629:ERROR:renderer_main.cc(226)] Running without renderer sandbox
[0129/203640:INFO:CONSOLE(0)] "Uncaught TypeError: Cannot read property 'nodeType' of undefined,4", source: about:docKey-11 (0)
[0129/203640:INFO:CONSOLE(4)] "Uncaught TypeError: Cannot read property 'nodeType' of undefined", source: http://127.0.0.1:54321/_DRIVE_C_EVIRD_/Users/Chan/AppData/Local/Temp/Adobe/Edge%20Animate%205.0.1/Untitled-1/edge_includes/jquery-2.0.3.min.js (4)
[0129/204657:ERROR:renderer_main.cc(226)] Running without renderer sandbox
[0129/205145:INFO:CONSOLE(0)] "event.returnValue is deprecated. Please use the standard event.preventDefault() instead.", source:  (0)
[0129/210331:INFO:CONSOLE(1)] "TypeError: Cannot call method 'apply' of undefined
    at Object.d.deleteTweenTimelineObject (http://127.0.0.1:54321/_DRIVE_C_EVIRD_/Users/Chan/AppData/Local/Temp/Adobe/Edge%20Animate%205.0.1/Untitled-1/edge_includes/edge.authoring.5.0.1.min.js:65:73)
    at eval (eval at <anonymous> (unknown source), <anonymous>:1:455)
    at <anonymous>:0:61", source:  (1)
[0129/210336:INFO:CONSOLE(1)] "TypeError: Cannot call method 'apply' of undefined
    at Object.d.deleteTweenTimelineObject (http://127.0.0.1:54321/_DRIVE_C_EVIRD_/Users/Chan/AppData/Local/Temp/Adobe/Edge%20Animate%205.0.1/Untitled-1/edge_includes/edge.authoring.5.0.1.min.js:65:73)
    at eval (eval at <anonymous> (unknown source), <anonymous>:1:451)
    at <anonymous>:0:61", source:  (1)
[0129/210631:INFO:CONSOLE(1)] "TypeError: Cannot call method 'toString' of undefined
    at eval (eval at <anonymous> (unknown source), <anonymous>:1:75)
    at <anonymous>:0:61", source:  (1)
[0129/210631:INFO:CONSOLE(0)] "SyntaxError: Unexpected token ;
    at <anonymous>:0:61", source:  (0)
[0129/211027:ERROR:ipc_channel_win.cc(132)] pipe error: 109
